<?xml version="1.0" encoding="UTF-8"?>
<testng-results skipped="0" failed="0" total="1" passed="1">
  <reporter-output>
  </reporter-output>
  <suite name="Default suite" duration-ms="98592" started-at="2017-10-26T02:38:09Z" finished-at="2017-10-26T02:39:48Z">
    <groups>
    </groups>
    <test name="Default test" duration-ms="98592" started-at="2017-10-26T02:38:09Z" finished-at="2017-10-26T02:39:48Z">
      <class name="selenium_testNG.RMS_testNG">
        <test-method status="PASS" signature="beforeClass()[pri:0, instance:selenium_testNG.RMS_testNG@7ca48474]" name="beforeClass" is-config="true" duration-ms="5" started-at="2017-10-26T10:38:09Z" finished-at="2017-10-26T10:38:09Z">
          <reporter-output>
          </reporter-output>
        </test-method> <!-- beforeClass -->
        <test-method status="PASS" signature="f()[pri:0, instance:selenium_testNG.RMS_testNG@7ca48474]" name="f" duration-ms="98577" started-at="2017-10-26T10:38:09Z" finished-at="2017-10-26T10:39:48Z">
          <reporter-output>
          </reporter-output>
        </test-method> <!-- f -->
        <test-method status="PASS" signature="beforeMethod()[pri:0, instance:selenium_testNG.RMS_testNG@7ca48474]" name="beforeMethod" is-config="true" duration-ms="0" started-at="2017-10-26T10:38:09Z" finished-at="2017-10-26T10:38:09Z">
          <reporter-output>
          </reporter-output>
        </test-method> <!-- beforeMethod -->
        <test-method status="PASS" signature="afterMethod()[pri:0, instance:selenium_testNG.RMS_testNG@7ca48474]" name="afterMethod" is-config="true" duration-ms="0" started-at="2017-10-26T10:39:48Z" finished-at="2017-10-26T10:39:48Z">
          <reporter-output>
          </reporter-output>
        </test-method> <!-- afterMethod -->
        <test-method status="PASS" signature="afterClass()[pri:0, instance:selenium_testNG.RMS_testNG@7ca48474]" name="afterClass" is-config="true" duration-ms="0" started-at="2017-10-26T10:39:48Z" finished-at="2017-10-26T10:39:48Z">
          <reporter-output>
          </reporter-output>
        </test-method> <!-- afterClass -->
      </class> <!-- selenium_testNG.RMS_testNG -->
    </test> <!-- Default test -->
  </suite> <!-- Default suite -->
</testng-results>
